[1772275364.558][INFO]: Starting ChromeDriver 132.0.6834.159 (2d77d3fc4452661469b78f115e0aed4d71269739-refs/branch-heads/6834@{#4408}) on port 21432
[1772275364.558][INFO]: Please see https://chromedriver.chromium.org/security-considerations for suggestions on keeping ChromeDriver safe.
[1772275364.566][INFO]: ChromeDriver was started successfully on port 21432
[1772275365.286][INFO]: [c5ca7a76d6afa0bfd14759dc5415249f] COMMAND InitSession {
   "capabilities": {
      "firstMatch": [ {
         "browserName": "chrome",
         "goog:chromeOptions": {
            "args": [ "--headless=new", "--no-sandbox", "--disable-dev-shm-usage", "--remote-allow-origins=*", "--user-data-dir=/tmp/chrome-1772275364096" ],
            "extensions": [  ]
         },
         "goog:loggingPrefs": {
            "browser": "ALL",
            "driver": "ALL"
         }
      } ]
   }
}
[1772275365.286][INFO]: Browser search. Trying... /home/crio-user/.cache/selenium/chromedriver/linux64/132.0.6834.159/chrome
[1772275365.286][INFO]: Browser search. Trying... /home/crio-user/.cache/selenium/chromedriver/linux64/132.0.6834.159/chrome
[1772275365.286][INFO]: Browser search. Trying... /home/crio-user/.cache/selenium/chromedriver/linux64/132.0.6834.159/google-chrome
[1772275365.286][INFO]: Browser search. Trying... /home/crio-user/.cache/selenium/chromedriver/linux64/132.0.6834.159/chromium
[1772275365.286][INFO]: Browser search. Trying... /home/crio-user/.cache/selenium/chromedriver/linux64/132.0.6834.159/chromium-browser
[1772275365.286][INFO]: Browser search. Trying... /usr/local/sbin/chrome
[1772275365.286][INFO]: Browser search. Trying... /usr/local/bin/chrome
[1772275365.286][INFO]: Browser search. Trying... /usr/sbin/chrome
[1772275365.286][INFO]: Browser search. Trying... /usr/bin/chrome
[1772275365.286][INFO]: Browser search. Trying... /sbin/chrome
[1772275365.286][INFO]: Browser search. Trying... /bin/chrome
[1772275365.286][INFO]: Browser search. Trying... /opt/google/chrome/chrome
[1772275365.286][INFO]: Browser search. Found at  /opt/google/chrome/chrome
[1772275365.287][INFO]: Populating Preferences file: {
   "alternate_error_pages": {
      "enabled": false
   },
   "autofill": {
      "enabled": false
   },
   "browser": {
      "check_default_browser": false
   },
   "distribution": {
      "import_bookmarks": false,
      "import_history": false,
      "import_search_engine": false,
      "make_chrome_default_for_user": false,
      "skip_first_run_ui": true
   },
   "dns_prefetching": {
      "enabled": false
   },
   "profile": {
      "content_settings": {
         "pattern_pairs": {
            "https://*,*": {
               "media-stream": {
                  "audio": "Default",
                  "video": "Default"
               }
            }
         }
      },
      "default_content_setting_values": {
         "geolocation": 1
      },
      "default_content_settings": {
         "geolocation": 1,
         "mouselock": 1,
         "notifications": 1,
         "popups": 1,
         "ppapi-broker": 1
      },
      "password_manager_enabled": false
   },
   "safebrowsing": {
      "enabled": false
   },
   "search": {
      "suggest_enabled": false
   },
   "translate": {
      "enabled": false
   }
}
[1772275365.290][INFO]: Populating Local State file: {
   "background_mode": {
      "enabled": false
   },
   "ssl": {
      "rev_checking": {
         "enabled": false
      }
   }
}
[1772275365.294][INFO]: ChromeDriver supports communication with Chrome via pipes. This is more reliable and more secure.
[1772275365.298][INFO]: Use the --remote-debugging-pipe Chrome switch instead of the default --remote-debugging-port to enable this communication mode.
[1772275365.302][INFO]: Launching chrome: /opt/google/chrome/chrome --allow-pre-commit-input --disable-background-networking --disable-client-side-phishing-detection --disable-default-apps --disable-dev-shm-usage --disable-hang-monitor --disable-popup-blocking --disable-prompt-on-repost --disable-sync --enable-automation --enable-logging --headless=new --log-level=0 --no-first-run --no-sandbox --no-service-autorun --password-store=basic --remote-allow-origins=* --remote-debugging-port=0 --test-type=webdriver --use-mock-keychain --user-data-dir=/tmp/chrome-1772275364096
[1772275365.920][INFO]: resolved localhost to ["127.0.0.1"]
[1772275366.073][INFO]: [c5ca7a76d6afa0bfd14759dc5415249f] RESPONSE InitSession {
   "capabilities": {
      "acceptInsecureCerts": false,
      "browserName": "chrome",
      "browserVersion": "132.0.6834.159",
      "chrome": {
         "chromedriverVersion": "132.0.6834.159 (2d77d3fc4452661469b78f115e0aed4d71269739-refs/branch-heads/6834@{#4408})",
         "userDataDir": "/tmp/chrome-1772275364096"
      },
      "fedcm:accounts": true,
      "goog:chromeOptions": {
         "debuggerAddress": "localhost:37139"
      },
      "networkConnectionEnabled": false,
      "pageLoadStrategy": "normal",
      "platformName": "linux",
      "proxy": {
      },
      "setWindowRect": true,
      "strictFileInteractability": false,
      "timeouts": {
         "implicit": 0,
         "pageLoad": 300000,
         "script": 30000
      },
      "unhandledPromptBehavior": "dismiss and notify",
      "webauthn:extension:credBlob": true,
      "webauthn:extension:largeBlob": true,
      "webauthn:extension:minPinLength": true,
      "webauthn:extension:prf": true,
      "webauthn:virtualAuthenticators": true
   },
   "sessionId": "c5ca7a76d6afa0bfd14759dc5415249f"
}
[1772275366.903][INFO]: [c5ca7a76d6afa0bfd14759dc5415249f] COMMAND MaximizeWindow {
}
[1772275366.903][INFO]: Waiting for pending navigations...
[1772275366.908][INFO]: Done waiting for pending navigations. Status: ok
[1772275366.933][INFO]: Waiting for pending navigations...
[1772275366.951][INFO]: Done waiting for pending navigations. Status: ok
[1772275366.951][INFO]: [c5ca7a76d6afa0bfd14759dc5415249f] RESPONSE MaximizeWindow {
   "height": 1160,
   "width": 1560,
   "x": 10,
   "y": 10
}
[1772275366.973][INFO]: [c5ca7a76d6afa0bfd14759dc5415249f] COMMAND SetTimeouts {
   "implicit": 30000
}
[1772275366.974][INFO]: [c5ca7a76d6afa0bfd14759dc5415249f] RESPONSE SetTimeouts
[1772275366.984][INFO]: [c5ca7a76d6afa0bfd14759dc5415249f] COMMAND Navigate {
   "url": "https://stackoverflow.com"
}
[1772275366.984][INFO]: Waiting for pending navigations...
[1772275366.986][INFO]: Done waiting for pending navigations. Status: ok
[1772275367.088][INFO]: Waiting for pending navigations...
[1772275367.339][INFO]: Done waiting for pending navigations. Status: ok
[1772275367.339][INFO]: [c5ca7a76d6afa0bfd14759dc5415249f] RESPONSE Navigate
[1772275367.353][INFO]: [c5ca7a76d6afa0bfd14759dc5415249f] COMMAND GetUrl {
}
[1772275367.353][INFO]: Waiting for pending navigations...
[1772275367.360][INFO]: Done waiting for pending navigations. Status: ok
[1772275367.473][INFO]: Waiting for pending navigations...
[1772275367.476][INFO]: Done waiting for pending navigations. Status: ok
[1772275367.481][INFO]: [c5ca7a76d6afa0bfd14759dc5415249f] RESPONSE GetUrl "https://stackoverflow.com/"
[1772275367.555][INFO]: [c5ca7a76d6afa0bfd14759dc5415249f] COMMAND Quit {
}
[1772275367.667][INFO]: [c5ca7a76d6afa0bfd14759dc5415249f] RESPONSE Quit
